[INFO] Scanning for projects...
[WARNING] 
[WARNING] Some problems were encountered while building the effective model for mishpahughaifa:mishpahughaifa:jar:1.0.1-SNAPSHOT
[WARNING] 'dependencies.dependency.(groupId:artifactId:type:classifier)' must be unique: org.springframework.boot:spring-boot-starter-test:jar -> duplicate declaration of version (?) @ line 166, column 21
[WARNING] 'dependencies.dependency.(groupId:artifactId:type:classifier)' must be unique: org.springframework.data:spring-data-commons:jar -> duplicate declaration of version (?) @ line 176, column 21
[WARNING] 'dependencies.dependency.(groupId:artifactId:type:classifier)' must be unique: org.springframework.data:spring-data-commons:jar -> duplicate declaration of version (?) @ line 180, column 21
[WARNING] 'dependencies.dependency.(groupId:artifactId:type:classifier)' must be unique: org.springframework.data:spring-data-commons:jar -> duplicate declaration of version (?) @ line 184, column 21
[WARNING] 
[WARNING] It is highly recommended to fix these problems because they threaten the stability of your build.
[WARNING] 
[WARNING] For this reason, future Maven versions might no longer support building such malformed projects.
[WARNING] 
[INFO] 
[INFO] -------------------< mishpahughaifa:mishpahughaifa >--------------------
[INFO] Building mishpahughaifa 1.0.1-SNAPSHOT
[INFO] --------------------------------[ jar ]---------------------------------
[INFO] 
[INFO] --- apt-maven-plugin:1.1.3:process (default) @ mishpahughaifa ---
[INFO] 
[INFO] --- maven-resources-plugin:3.0.1:resources (default-resources) @ mishpahughaifa ---
[INFO] Using 'UTF-8' encoding to copy filtered resources.
[INFO] Copying 1 resource
[INFO] Copying 22 resources
[INFO] 
[INFO] --- maven-compiler-plugin:3.7.0:compile (default-compile) @ mishpahughaifa ---
[INFO] Changes detected - recompiling the module!
[INFO] Compiling 139 source files to C:\Mishpahug_server\Mishpahug_server\MishpahugHaifa\target\classes
[INFO] /C:/Mishpahug_server/Mishpahug_server/MishpahugHaifa/src/main/java/application/models/AppRoleDAO.java: C:\Mishpahug_server\Mishpahug_server\MishpahugHaifa\src\main\java\application\models\AppRoleDAO.java uses unchecked or unsafe operations.
[INFO] /C:/Mishpahug_server/Mishpahug_server/MishpahugHaifa/src/main/java/application/models/AppRoleDAO.java: Recompile with -Xlint:unchecked for details.
[INFO] 
[INFO] --- maven-resources-plugin:3.0.1:testResources (default-testResources) @ mishpahughaifa ---
[INFO] Using 'UTF-8' encoding to copy filtered resources.
[INFO] Copying 6 resources
[INFO] 
[INFO] --- maven-compiler-plugin:3.7.0:testCompile (default-testCompile) @ mishpahughaifa ---
[INFO] Changes detected - recompiling the module!
[INFO] Compiling 18 source files to C:\Mishpahug_server\Mishpahug_server\MishpahugHaifa\target\test-classes
[INFO] /C:/Mishpahug_server/Mishpahug_server/MishpahugHaifa/src/test/java/application/integration/controllers/UserWebRequestTest.java: Some input files use or override a deprecated API.
[INFO] /C:/Mishpahug_server/Mishpahug_server/MishpahugHaifa/src/test/java/application/integration/controllers/UserWebRequestTest.java: Recompile with -Xlint:deprecation for details.
[INFO] 
[INFO] --- maven-surefire-plugin:2.21.0:test (default-test) @ mishpahughaifa ---
[INFO] 
[INFO] -------------------------------------------------------
[INFO]  T E S T S
[INFO] -------------------------------------------------------
[INFO] Running application.entities.address.AddressTest
2019-06-14 07:52:53,131 812  [main] INFO  o.s.b.t.c.SpringBootTestContextBootstrapper - Neither @ContextConfiguration nor @ContextHierarchy found for test class [application.entities.address.AddressTest], using SpringBootContextLoader
2019-06-14 07:52:53,161 842  [main] INFO  o.s.t.c.s.AbstractContextLoader - Could not detect default resource locations for test class [application.entities.address.AddressTest]: no resource found for suffixes {-context.xml, Context.groovy}.
2019-06-14 07:52:53,164 845  [main] INFO  o.s.t.c.s.AnnotationConfigContextLoaderUtils - Could not detect default configuration classes for test class [application.entities.address.AddressTest]: AddressTest does not declare any static, non-private, non-final, nested classes annotated with @Configuration.
2019-06-14 07:52:53,905 1586 [main] INFO  o.s.b.t.c.SpringBootTestContextBootstrapper - Found @SpringBootConfiguration application.MishpohugApplication for test class application.entities.address.AddressTest
2019-06-14 07:52:53,921 1602 [main] INFO  o.s.b.t.c.SpringBootTestContextBootstrapper - Loaded default TestExecutionListener class names from location [META-INF/spring.factories]: [org.springframework.boot.test.mock.mockito.MockitoTestExecutionListener, org.springframework.boot.test.mock.mockito.ResetMocksTestExecutionListener, org.springframework.boot.test.autoconfigure.restdocs.RestDocsTestExecutionListener, org.springframework.boot.test.autoconfigure.web.client.MockRestServiceServerResetTestExecutionListener, org.springframework.boot.test.autoconfigure.web.servlet.MockMvcPrintOnlyOnFailureTestExecutionListener, org.springframework.boot.test.autoconfigure.web.servlet.WebDriverTestExecutionListener, org.springframework.test.context.web.ServletTestExecutionListener, org.springframework.test.context.support.DirtiesContextBeforeModesTestExecutionListener, org.springframework.test.context.support.DependencyInjectionTestExecutionListener, org.springframework.test.context.support.DirtiesContextTestExecutionListener, org.springframework.test.context.transaction.TransactionalTestExecutionListener, org.springframework.test.context.jdbc.SqlScriptsTestExecutionListener]
2019-06-14 07:52:54,013 1694 [main] INFO  o.s.b.t.c.SpringBootTestContextBootstrapper - Using TestExecutionListeners: [org.springframework.test.context.web.ServletTestExecutionListener@21b2e768, org.springframework.test.context.support.DirtiesContextBeforeModesTestExecutionListener@57250572, org.springframework.boot.test.mock.mockito.MockitoTestExecutionListener@5609159b, org.springframework.boot.test.autoconfigure.SpringBootDependencyInjectionTestExecutionListener@2118cddf, org.springframework.test.context.support.DirtiesContextTestExecutionListener@17a7f733, org.springframework.test.context.transaction.TransactionalTestExecutionListener@68567e20, org.springframework.test.context.jdbc.SqlScriptsTestExecutionListener@76ed1b7c, org.springframework.boot.test.mock.mockito.ResetMocksTestExecutionListener@11fc564b, org.springframework.boot.test.autoconfigure.restdocs.RestDocsTestExecutionListener@394a2528, org.springframework.boot.test.autoconfigure.web.client.MockRestServiceServerResetTestExecutionListener@6236eb5f, org.springframework.boot.test.autoconfigure.web.servlet.MockMvcPrintOnlyOnFailureTestExecutionListener@7c1e2a9e, org.springframework.boot.test.autoconfigure.web.servlet.WebDriverTestExecutionListener@fa36558]

  .   ____          _            __ _ _
 /\\ / ___'_ __ _ _(_)_ __  __ _ \ \ \ \
( ( )\___ | '_ | '_| | '_ \/ _` | \ \ \ \
 \\/  ___)| |_)| | | | | || (_| |  ) ) ) )
  '  |____| .__|_| |_|_| |_\__, | / / / /
 =========|_|==============|___/=/_/_/_/
 :: Spring Boot ::        (v2.0.1.RELEASE)

2019-06-14 07:53:00,435 8116 [main] INFO  o.h.jpa.internal.util.LogHelper - HHH000204: Processing PersistenceUnitInfo [
	name: default
	...]
2019-06-14 07:53:00,793 8474 [main] INFO  org.hibernate.Version - HHH000412: Hibernate Core {5.2.16.Final}
2019-06-14 07:53:00,804 8485 [main] INFO  org.hibernate.cfg.Environment - HHH000206: hibernate.properties not found
2019-06-14 07:53:01,014 8695 [main] INFO  o.h.annotations.common.Version - HCANN000001: Hibernate Commons Annotations {5.0.1.Final}
2019-06-14 07:53:01,564 9245 [main] INFO  org.hibernate.dialect.Dialect - HHH000400: Using dialect: org.hibernate.dialect.H2Dialect
2019-06-14 07:53:04,023 11704 [main] INFO  o.h.t.s.internal.SchemaCreatorImpl - HHH000476: Executing import script 'org.hibernate.tool.schema.internal.exec.ScriptSourceInputNonExistentImpl@11381415'
2019-06-14 07:53:06,321 14002 [main] INFO  o.h.h.i.QueryTranslatorFactoryInitiator - HHH000397: Using ASTQueryTranslatorFactory
[INFO] Tests run: 1, Failures: 0, Errors: 0, Skipped: 0, Time elapsed: 15.752 s - in application.entities.address.AddressTest
[INFO] Running application.entities.city.CityTest
[INFO] Tests run: 3, Failures: 0, Errors: 0, Skipped: 0, Time elapsed: 1.957 s - in application.entities.city.CityTest
[INFO] Running application.entities.country.CountryTest
[INFO] Tests run: 5, Failures: 0, Errors: 0, Skipped: 0, Time elapsed: 0.985 s - in application.entities.country.CountryTest
[INFO] Running application.entities.event.EventEntityTest
2019-06-14 07:53:11,130 18811 [main] WARN  o.h.e.jdbc.spi.SqlExceptionHelper - SQL Error: 23505, SQLState: 23505
2019-06-14 07:53:11,135 18816 [main] ERROR o.h.e.jdbc.spi.SqlExceptionHelper - Нарушение уникального индекса или первичного ключа: "UKPKO8NOSK76P22CU9SQ6HRLMMP_INDEX_A ON PUBLIC.EVENTLIST(USER_OWNER, DATE, TIME) VALUES (1, DATE '2039-06-14', TIME '23:59:00', 1)"
Unique index or primary key violation: "UKPKO8NOSK76P22CU9SQ6HRLMMP_INDEX_A ON PUBLIC.EVENTLIST(USER_OWNER, DATE, TIME) VALUES (1, DATE '2039-06-14', TIME '23:59:00', 1)"; SQL statement:
insert into eventlist (id, address_entity_id, date, holi_day_id, kitchen_type_id, name_of_event, status, time, user_owner) values (null, ?, ?, ?, ?, ?, ?, ?, ?) [23505-197]
[INFO] Tests run: 7, Failures: 0, Errors: 0, Skipped: 0, Time elapsed: 0.418 s - in application.entities.event.EventEntityTest
[INFO] Running application.entities.kichentype.KichenTypeTest
[INFO] Tests run: 5, Failures: 0, Errors: 0, Skipped: 0, Time elapsed: 0.204 s - in application.entities.kichentype.KichenTypeTest
[INFO] Running application.entities.religion.ReligionTest
[INFO] Tests run: 4, Failures: 0, Errors: 0, Skipped: 0, Time elapsed: 0.17 s - in application.entities.religion.ReligionTest
[INFO] Running application.entities.user.UserEntityTest
2019-06-14 07:53:12,322 20003 [main] WARN  o.h.e.jdbc.spi.SqlExceptionHelper - SQL Error: 23505, SQLState: 23505
2019-06-14 07:53:12,333 20014 [main] ERROR o.h.e.jdbc.spi.SqlExceptionHelper - Нарушение уникального индекса или первичного ключа: "UKOB8KQYQQGMEFL0ACO34AKDTPE_INDEX_2 ON PUBLIC.USER(EMAIL) VALUES ('p_hacker@sicp.edu', 11)"
Unique index or primary key violation: "UKOB8KQYQQGMEFL0ACO34AKDTPE_INDEX_2 ON PUBLIC.USER(EMAIL) VALUES ('p_hacker@sicp.edu', 11)"; SQL statement:
insert into user (user_id, address_entity_id, dateofbirth, email, encryted_password, firstname, gender_id, kitchen_type_id, lastname, marital_status_id, phonenumber, religion_id, status, username) values (null, ?, ?, ?, ?, ?, ?, ?, ?, ?, ?, ?, ?, ?) [23505-197]
2019-06-14 07:53:12,353 20034 [main] WARN  o.h.e.jdbc.spi.SqlExceptionHelper - SQL Error: 23505, SQLState: 23505
2019-06-14 07:53:12,355 20036 [main] ERROR o.h.e.jdbc.spi.SqlExceptionHelper - Нарушение уникального индекса или первичного ключа: "UKOB8KQYQQGMEFL0ACO34AKDTPE_INDEX_2 ON PUBLIC.USER(EMAIL) VALUES ('a@dot.com', 14)"
Unique index or primary key violation: "UKOB8KQYQQGMEFL0ACO34AKDTPE_INDEX_2 ON PUBLIC.USER(EMAIL) VALUES ('a@dot.com', 14)"; SQL statement:
insert into user (user_id, address_entity_id, dateofbirth, email, encryted_password, firstname, gender_id, kitchen_type_id, lastname, marital_status_id, phonenumber, religion_id, status, username) values (null, ?, ?, ?, ?, ?, ?, ?, ?, ?, ?, ?, ?, ?) [23505-197]
2019-06-14 07:53:12,416 20097 [main] WARN  o.h.e.jdbc.spi.SqlExceptionHelper - SQL Error: 23505, SQLState: 23505
2019-06-14 07:53:12,435 20116 [main] ERROR o.h.e.jdbc.spi.SqlExceptionHelper - Нарушение уникального индекса или первичного ключа: "UKSB8BBOUER5WAK8VYIIY4PF2BX_INDEX_2 ON PUBLIC.USER(USERNAME) VALUES ('A', 18)"
Unique index or primary key violation: "UKSB8BBOUER5WAK8VYIIY4PF2BX_INDEX_2 ON PUBLIC.USER(USERNAME) VALUES ('A', 18)"; SQL statement:
insert into user (user_id, address_entity_id, dateofbirth, email, encryted_password, firstname, gender_id, kitchen_type_id, lastname, marital_status_id, phonenumber, religion_id, status, username) values (null, ?, ?, ?, ?, ?, ?, ?, ?, ?, ?, ?, ?, ?) [23505-197]
[INFO] Tests run: 8, Failures: 0, Errors: 0, Skipped: 0, Time elapsed: 0.34 s - in application.entities.user.UserEntityTest
[INFO] Running application.integration.controllers.EventWebRequestTest

  .   ____          _            __ _ _
 /\\ / ___'_ __ _ _(_)_ __  __ _ \ \ \ \
( ( )\___ | '_ | '_| | '_ \/ _` | \ \ \ \
 \\/  ___)| |_)| | | | | || (_| |  ) ) ) )
  '  |____| .__|_| |_|_| |_\__, | / / / /
 =========|_|==============|___/=/_/_/_/
 :: Spring Boot ::        (v2.0.1.RELEASE)

2019-06-14 07:53:18,920 26601 [main] INFO  o.a.coyote.http11.Http11NioProtocol - Initializing ProtocolHandler ["http-nio-auto-1"]
2019-06-14 07:53:18,996 26677 [main] INFO  o.a.catalina.core.StandardService - Starting service [Tomcat]
2019-06-14 07:53:19,000 26681 [main] INFO  o.a.catalina.core.StandardEngine - Starting Servlet Engine: Apache Tomcat/8.5.29
2019-06-14 07:53:19,111 26792 [localhost-startStop-1] INFO  o.a.c.core.AprLifecycleListener - The APR based Apache Tomcat Native library which allows optimal performance in production environments was not found on the java.library.path: [C:\Program Files\Java\jdk1.8.0_211\jre\bin;C:\Windows\Sun\Java\bin;C:\Windows\system32;C:\Windows;C:\ProgramData\DockerDesktop\version-bin;C:\Program Files\Docker\Docker\Resources\bin;C:\Program Files (x86)\NVIDIA Corporation\PhysX\Common;C:\Program Files (x86)\Common Files\Oracle\Java\javapath;C:\Windows\system32;C:\Windows;C:\Windows\System32\Wbem;C:\Windows\System32\WindowsPowerShell\v1.0\;C:\Program Files (x86)\ATI Technologies\ATI.ACE\Core-Static;C:\Program Files\7-Zip;C:\Program Files\Microsoft SQL Server\Client SDK\ODBC\110\Tools\Binn\;C:\Program Files (x86)\Microsoft SQL Server\120\Tools\Binn\;C:\Program Files\Microsoft SQL Server\120\Tools\Binn\;C:\Program Files\Microsoft SQL Server\120\DTS\Binn\;C:\Program Files (x86)\Windows Kits\8.1\Windows Performance Toolkit\;C:\Program Files\nodejs\;C:\Program Files\MySQL\MySQL Shell 8.0\bin\;C:\Users\Сергей\AppData\Local\GitHubDesktop\bin;C:\Users\Сергей\AppData\Roaming\npm;C:\maven\bin;;.]
2019-06-14 07:53:19,654 27335 [localhost-startStop-1] INFO  o.a.c.c.C.[Tomcat].[localhost].[/] - Initializing Spring embedded WebApplicationContext
2019-06-14 07:53:21,185 28866 [localhost-startStop-1] INFO  com.zaxxer.hikari.HikariDataSource - HikariPool-1 - Starting...
2019-06-14 07:53:21,355 29036 [localhost-startStop-1] INFO  com.zaxxer.hikari.HikariDataSource - HikariPool-1 - Start completed.
2019-06-14 07:53:21,920 29601 [localhost-startStop-1] INFO  o.h.jpa.internal.util.LogHelper - HHH000204: Processing PersistenceUnitInfo [
	name: default
	...]
2019-06-14 07:53:22,029 29710 [localhost-startStop-1] INFO  org.hibernate.dialect.Dialect - HHH000400: Using dialect: org.hibernate.dialect.H2Dialect
2019-06-14 07:53:22,673 30354 [localhost-startStop-1] INFO  o.h.t.s.internal.SchemaCreatorImpl - HHH000476: Executing import script 'org.hibernate.tool.schema.internal.exec.ScriptSourceInputNonExistentImpl@11381415'
2019-06-14 07:53:23,542 31223 [main] INFO  o.h.h.i.QueryTranslatorFactoryInitiator - HHH000397: Using ASTQueryTranslatorFactory
2019-06-14 07:53:26,116 33797 [main] WARN  o.s.b.a.o.j.JpaBaseConfiguration$JpaWebConfiguration$JpaWebMvcConfiguration - spring.jpa.open-in-view is enabled by default. Therefore, database queries may be performed during view rendering. Explicitly configure spring.jpa.open-in-view to disable this warning
2019-06-14 07:53:29,282 36963 [main] INFO  o.a.coyote.http11.Http11NioProtocol - Starting ProtocolHandler ["http-nio-auto-1"]
2019-06-14 07:53:29,349 37030 [main] INFO  o.a.tomcat.util.net.NioSelectorPool - Using a shared selector for servlet write/read
Alyssa UserEntity(id=null, firstName=null, lastName=null, phoneNumber=null, eMail=p_hacker@sicp.edu, userName=Alyssa, encrytedPassword=null, dateOfBirth=null, status=ACTIVE, maritalStatus=null, gender=null, kitchenType=null, religion=null, addressEntity=null)
2019-06-14 07:53:32,063 39744 [http-nio-auto-1-exec-10] INFO  o.a.c.c.C.[Tomcat].[localhost].[/] - Initializing Spring FrameworkServlet 'dispatcherServlet'
2019-06-14 07:53:32,540 40221 [http-nio-auto-1-exec-10] INFO  UserController -> login -> headers -> Header 'accept' = [application/xml, text/xml, application/json, application/*+xml, application/*+json]
2019-06-14 07:53:32,542 40223 [http-nio-auto-1-exec-10] INFO  UserController -> login -> headers -> Header 'content-type' = [application/xml;charset=UTF-8]
2019-06-14 07:53:32,542 40223 [http-nio-auto-1-exec-10] INFO  UserController -> login -> headers -> Header 'content-length' = [75]
2019-06-14 07:53:32,542 40223 [http-nio-auto-1-exec-10] INFO  UserController -> login -> headers -> Header 'host' = [localhost:64086]
2019-06-14 07:53:32,542 40223 [http-nio-auto-1-exec-10] INFO  UserController -> login -> headers -> Header 'connection' = [Keep-Alive]
2019-06-14 07:53:32,546 40227 [http-nio-auto-1-exec-10] INFO  UserController -> login -> headers -> Header 'user-agent' = [Apache-HttpClient/4.5.5 (Java/1.8.0_211)]
2019-06-14 07:53:32,549 40230 [http-nio-auto-1-exec-10] INFO  UserController -> login -> headers -> Header 'accept-encoding' = [gzip,deflate]
2019-06-14 07:53:32,870 40551 [http-nio-auto-1-exec-9] INFO  EventController -> findGuestByEventId{3} -> headers -> Header 'accept' = [application/xml, text/xml, application/json, application/*+xml, application/*+json]
2019-06-14 07:53:32,871 40552 [http-nio-auto-1-exec-9] INFO  EventController -> findGuestByEventId{3} -> headers -> Header 'authorization' = [0b7de3c4-9c0c-4c2e-95f2-86e95fc5d7df]
2019-06-14 07:53:32,871 40552 [http-nio-auto-1-exec-9] INFO  EventController -> findGuestByEventId{3} -> headers -> Header 'content-type' = [application/json]
2019-06-14 07:53:32,871 40552 [http-nio-auto-1-exec-9] INFO  EventController -> findGuestByEventId{3} -> headers -> Header 'host' = [localhost:64086]
2019-06-14 07:53:32,871 40552 [http-nio-auto-1-exec-9] INFO  EventController -> findGuestByEventId{3} -> headers -> Header 'connection' = [Keep-Alive]
2019-06-14 07:53:32,871 40552 [http-nio-auto-1-exec-9] INFO  EventController -> findGuestByEventId{3} -> headers -> Header 'user-agent' = [Apache-HttpClient/4.5.5 (Java/1.8.0_211)]
2019-06-14 07:53:32,872 40553 [http-nio-auto-1-exec-9] INFO  EventController -> findGuestByEventId{3} -> headers -> Header 'accept-encoding' = [gzip,deflate]
Alyssa UserEntity(id=null, firstName=null, lastName=null, phoneNumber=null, eMail=p_hacker@sicp.edu, userName=Alyssa, encrytedPassword=null, dateOfBirth=null, status=ACTIVE, maritalStatus=null, gender=null, kitchenType=null, religion=null, addressEntity=null)
2019-06-14 07:53:33,065 40746 [http-nio-auto-1-exec-8] INFO  UserController -> login -> headers -> Header 'accept' = [application/xml, text/xml, application/json, application/*+xml, application/*+json]
2019-06-14 07:53:33,065 40746 [http-nio-auto-1-exec-8] INFO  UserController -> login -> headers -> Header 'content-type' = [application/xml;charset=UTF-8]
2019-06-14 07:53:33,066 40747 [http-nio-auto-1-exec-8] INFO  UserController -> login -> headers -> Header 'content-length' = [75]
2019-06-14 07:53:33,066 40747 [http-nio-auto-1-exec-8] INFO  UserController -> login -> headers -> Header 'host' = [localhost:64086]
2019-06-14 07:53:33,066 40747 [http-nio-auto-1-exec-8] INFO  UserController -> login -> headers -> Header 'connection' = [Keep-Alive]
2019-06-14 07:53:33,066 40747 [http-nio-auto-1-exec-8] INFO  UserController -> login -> headers -> Header 'user-agent' = [Apache-HttpClient/4.5.5 (Java/1.8.0_211)]
2019-06-14 07:53:33,066 40747 [http-nio-auto-1-exec-8] INFO  UserController -> login -> headers -> Header 'accept-encoding' = [gzip,deflate]
2019-06-14 07:53:33,184 40865 [http-nio-auto-1-exec-7] INFO  EventController -> findAllByWebQuerydsl -> headers -> Header 'accept' = [application/xml, text/xml, application/json, application/*+xml, application/*+json]
2019-06-14 07:53:33,185 40866 [http-nio-auto-1-exec-7] INFO  EventController -> findAllByWebQuerydsl -> headers -> Header 'authorization' = [9df22269-627a-4f83-bfc7-820b6ae2b8a7]
2019-06-14 07:53:33,185 40866 [http-nio-auto-1-exec-7] INFO  EventController -> findAllByWebQuerydsl -> headers -> Header 'content-type' = [application/json]
2019-06-14 07:53:33,185 40866 [http-nio-auto-1-exec-7] INFO  EventController -> findAllByWebQuerydsl -> headers -> Header 'host' = [localhost:64086]
2019-06-14 07:53:33,185 40866 [http-nio-auto-1-exec-7] INFO  EventController -> findAllByWebQuerydsl -> headers -> Header 'connection' = [Keep-Alive]
2019-06-14 07:53:33,185 40866 [http-nio-auto-1-exec-7] INFO  EventController -> findAllByWebQuerydsl -> headers -> Header 'user-agent' = [Apache-HttpClient/4.5.5 (Java/1.8.0_211)]
2019-06-14 07:53:33,185 40866 [http-nio-auto-1-exec-7] INFO  EventController -> findAllByWebQuerydsl -> headers -> Header 'accept-encoding' = [gzip,deflate]
2019-06-14 07:53:33,658 41339 [http-nio-auto-1-exec-6] INFO  EventController -> findAllByWebQuerydsl -> headers -> Header 'accept' = [application/xml, text/xml, application/json, application/*+xml, application/*+json]
2019-06-14 07:53:33,658 41339 [http-nio-auto-1-exec-6] INFO  EventController -> findAllByWebQuerydsl -> headers -> Header 'authorization' = [9df22269-627a-4f83-bfc7-820b6ae2b8a7]
2019-06-14 07:53:33,658 41339 [http-nio-auto-1-exec-6] INFO  EventController -> findAllByWebQuerydsl -> headers -> Header 'content-type' = [application/json]
2019-06-14 07:53:33,659 41340 [http-nio-auto-1-exec-6] INFO  EventController -> findAllByWebQuerydsl -> headers -> Header 'host' = [localhost:64086]
2019-06-14 07:53:33,659 41340 [http-nio-auto-1-exec-6] INFO  EventController -> findAllByWebQuerydsl -> headers -> Header 'connection' = [Keep-Alive]
2019-06-14 07:53:33,659 41340 [http-nio-auto-1-exec-6] INFO  EventController -> findAllByWebQuerydsl -> headers -> Header 'user-agent' = [Apache-HttpClient/4.5.5 (Java/1.8.0_211)]
2019-06-14 07:53:33,659 41340 [http-nio-auto-1-exec-6] INFO  EventController -> findAllByWebQuerydsl -> headers -> Header 'accept-encoding' = [gzip,deflate]
2019-06-14 07:53:33,774 41455 [http-nio-auto-1-exec-5] INFO  EventController -> findAllByWebQuerydsl -> headers -> Header 'accept' = [application/xml, text/xml, application/json, application/*+xml, application/*+json]
2019-06-14 07:53:33,775 41456 [http-nio-auto-1-exec-5] INFO  EventController -> findAllByWebQuerydsl -> headers -> Header 'authorization' = [9df22269-627a-4f83-bfc7-820b6ae2b8a7]
2019-06-14 07:53:33,775 41456 [http-nio-auto-1-exec-5] INFO  EventController -> findAllByWebQuerydsl -> headers -> Header 'content-type' = [application/json]
2019-06-14 07:53:33,775 41456 [http-nio-auto-1-exec-5] INFO  EventController -> findAllByWebQuerydsl -> headers -> Header 'host' = [localhost:64086]
2019-06-14 07:53:33,775 41456 [http-nio-auto-1-exec-5] INFO  EventController -> findAllByWebQuerydsl -> headers -> Header 'connection' = [Keep-Alive]
2019-06-14 07:53:33,775 41456 [http-nio-auto-1-exec-5] INFO  EventController -> findAllByWebQuerydsl -> headers -> Header 'user-agent' = [Apache-HttpClient/4.5.5 (Java/1.8.0_211)]
2019-06-14 07:53:33,775 41456 [http-nio-auto-1-exec-5] INFO  EventController -> findAllByWebQuerydsl -> headers -> Header 'accept-encoding' = [gzip,deflate]
[INFO] Tests run: 2, Failures: 0, Errors: 0, Skipped: 0, Time elapsed: 21.355 s - in application.integration.controllers.EventWebRequestTest
[INFO] Running application.integration.controllers.UserWebRequestTest
2019-06-14 07:53:33,933 41614 [http-nio-auto-1-exec-4] INFO  UserController -> login -> headers -> Header 'accept' = [application/xml, text/xml, application/json, application/*+xml, application/*+json]
2019-06-14 07:53:33,933 41614 [http-nio-auto-1-exec-4] INFO  UserController -> login -> headers -> Header 'content-type' = [application/xml;charset=UTF-8]
2019-06-14 07:53:33,933 41614 [http-nio-auto-1-exec-4] INFO  UserController -> login -> headers -> Header 'content-length' = [75]
2019-06-14 07:53:33,933 41614 [http-nio-auto-1-exec-4] INFO  UserController -> login -> headers -> Header 'host' = [localhost:64086]
2019-06-14 07:53:33,934 41615 [http-nio-auto-1-exec-4] INFO  UserController -> login -> headers -> Header 'connection' = [Keep-Alive]
2019-06-14 07:53:33,934 41615 [http-nio-auto-1-exec-4] INFO  UserController -> login -> headers -> Header 'user-agent' = [Apache-HttpClient/4.5.5 (Java/1.8.0_211)]
2019-06-14 07:53:33,934 41615 [http-nio-auto-1-exec-4] INFO  UserController -> login -> headers -> Header 'accept-encoding' = [gzip,deflate]
2019-06-14 07:53:34,020 41701 [http-nio-auto-1-exec-3] INFO  UserController -> update{283} -> headers -> Header 'accept' = [application/xml, text/xml, application/json, application/*+xml, application/*+json]
2019-06-14 07:53:34,021 41702 [http-nio-auto-1-exec-3] INFO  UserController -> update{283} -> headers -> Header 'authorization' = [daa1ddf7-ee97-4bd6-907e-ec71fd7030d9]
2019-06-14 07:53:34,021 41702 [http-nio-auto-1-exec-3] INFO  UserController -> update{283} -> headers -> Header 'content-type' = [application/json]
2019-06-14 07:53:34,021 41702 [http-nio-auto-1-exec-3] INFO  UserController -> update{283} -> headers -> Header 'content-length' = [30]
2019-06-14 07:53:34,021 41702 [http-nio-auto-1-exec-3] INFO  UserController -> update{283} -> headers -> Header 'host' = [localhost:64086]
2019-06-14 07:53:34,023 41704 [http-nio-auto-1-exec-3] INFO  UserController -> update{283} -> headers -> Header 'connection' = [Keep-Alive]
2019-06-14 07:53:34,023 41704 [http-nio-auto-1-exec-3] INFO  UserController -> update{283} -> headers -> Header 'user-agent' = [Apache-HttpClient/4.5.5 (Java/1.8.0_211)]
2019-06-14 07:53:34,027 41708 [http-nio-auto-1-exec-3] INFO  UserController -> update{283} -> headers -> Header 'accept-encoding' = [gzip,deflate]
{firstname=Alyssa_Updated}
2019-06-14 07:53:34,147 41828 [http-nio-auto-1-exec-2] INFO  UserController -> login -> headers -> Header 'accept' = [application/xml, text/xml, application/json, application/*+xml, application/*+json]
2019-06-14 07:53:34,147 41828 [http-nio-auto-1-exec-2] INFO  UserController -> login -> headers -> Header 'content-type' = [application/xml;charset=UTF-8]
2019-06-14 07:53:34,147 41828 [http-nio-auto-1-exec-2] INFO  UserController -> login -> headers -> Header 'content-length' = [75]
2019-06-14 07:53:34,147 41828 [http-nio-auto-1-exec-2] INFO  UserController -> login -> headers -> Header 'host' = [localhost:64086]
2019-06-14 07:53:34,147 41828 [http-nio-auto-1-exec-2] INFO  UserController -> login -> headers -> Header 'connection' = [Keep-Alive]
2019-06-14 07:53:34,147 41828 [http-nio-auto-1-exec-2] INFO  UserController -> login -> headers -> Header 'user-agent' = [Apache-HttpClient/4.5.5 (Java/1.8.0_211)]
2019-06-14 07:53:34,148 41829 [http-nio-auto-1-exec-2] INFO  UserController -> login -> headers -> Header 'accept-encoding' = [gzip,deflate]
2019-06-14 07:53:34,177 41858 [http-nio-auto-1-exec-1] INFO  UserController -> getEventsById{233} -> headers -> Header 'accept' = [application/xml, text/xml, application/json, application/*+xml, application/*+json]
2019-06-14 07:53:34,177 41858 [http-nio-auto-1-exec-1] INFO  UserController -> getEventsById{233} -> headers -> Header 'authorization' = [41debde4-a517-4aeb-b01c-1f5b31fc5201]
2019-06-14 07:53:34,177 41858 [http-nio-auto-1-exec-1] INFO  UserController -> getEventsById{233} -> headers -> Header 'content-type' = [application/json]
2019-06-14 07:53:34,177 41858 [http-nio-auto-1-exec-1] INFO  UserController -> getEventsById{233} -> headers -> Header 'host' = [localhost:64086]
2019-06-14 07:53:34,177 41858 [http-nio-auto-1-exec-1] INFO  UserController -> getEventsById{233} -> headers -> Header 'connection' = [Keep-Alive]
2019-06-14 07:53:34,178 41859 [http-nio-auto-1-exec-1] INFO  UserController -> getEventsById{233} -> headers -> Header 'user-agent' = [Apache-HttpClient/4.5.5 (Java/1.8.0_211)]
2019-06-14 07:53:34,178 41859 [http-nio-auto-1-exec-1] INFO  UserController -> getEventsById{233} -> headers -> Header 'accept-encoding' = [gzip,deflate]
[]
2019-06-14 07:53:34,249 41930 [http-nio-auto-1-exec-10] INFO  UserController -> login -> headers -> Header 'accept' = [application/xml, text/xml, application/json, application/*+xml, application/*+json]
2019-06-14 07:53:34,249 41930 [http-nio-auto-1-exec-10] INFO  UserController -> login -> headers -> Header 'content-type' = [application/xml;charset=UTF-8]
2019-06-14 07:53:34,250 41931 [http-nio-auto-1-exec-10] INFO  UserController -> login -> headers -> Header 'content-length' = [75]
2019-06-14 07:53:34,250 41931 [http-nio-auto-1-exec-10] INFO  UserController -> login -> headers -> Header 'host' = [localhost:64086]
2019-06-14 07:53:34,250 41931 [http-nio-auto-1-exec-10] INFO  UserController -> login -> headers -> Header 'connection' = [Keep-Alive]
2019-06-14 07:53:34,250 41931 [http-nio-auto-1-exec-10] INFO  UserController -> login -> headers -> Header 'user-agent' = [Apache-HttpClient/4.5.5 (Java/1.8.0_211)]
2019-06-14 07:53:34,250 41931 [http-nio-auto-1-exec-10] INFO  UserController -> login -> headers -> Header 'accept-encoding' = [gzip,deflate]
2019-06-14 07:53:34,287 41968 [http-nio-auto-1-exec-9] INFO  UserController -> getEventsByOwnerId{118} -> headers -> Header 'accept' = [application/xml, text/xml, application/json, application/*+xml, application/*+json]
2019-06-14 07:53:34,287 41968 [http-nio-auto-1-exec-9] INFO  UserController -> getEventsByOwnerId{118} -> headers -> Header 'authorization' = [63ab42c2-ce07-4b5a-9d48-3704f383e8e1]
2019-06-14 07:53:34,287 41968 [http-nio-auto-1-exec-9] INFO  UserController -> getEventsByOwnerId{118} -> headers -> Header 'content-type' = [application/json]
2019-06-14 07:53:34,287 41968 [http-nio-auto-1-exec-9] INFO  UserController -> getEventsByOwnerId{118} -> headers -> Header 'host' = [localhost:64086]
2019-06-14 07:53:34,287 41968 [http-nio-auto-1-exec-9] INFO  UserController -> getEventsByOwnerId{118} -> headers -> Header 'connection' = [Keep-Alive]
2019-06-14 07:53:34,287 41968 [http-nio-auto-1-exec-9] INFO  UserController -> getEventsByOwnerId{118} -> headers -> Header 'user-agent' = [Apache-HttpClient/4.5.5 (Java/1.8.0_211)]
2019-06-14 07:53:34,288 41969 [http-nio-auto-1-exec-9] INFO  UserController -> getEventsByOwnerId{118} -> headers -> Header 'accept-encoding' = [gzip,deflate]
[]
2019-06-14 07:53:34,336 42017 [http-nio-auto-1-exec-8] INFO  UserController -> login -> headers -> Header 'accept' = [application/xml, text/xml, application/json, application/*+xml, application/*+json]
2019-06-14 07:53:34,336 42017 [http-nio-auto-1-exec-8] INFO  UserController -> login -> headers -> Header 'content-type' = [application/xml;charset=UTF-8]
2019-06-14 07:53:34,336 42017 [http-nio-auto-1-exec-8] INFO  UserController -> login -> headers -> Header 'content-length' = [75]
2019-06-14 07:53:34,336 42017 [http-nio-auto-1-exec-8] INFO  UserController -> login -> headers -> Header 'host' = [localhost:64086]
2019-06-14 07:53:34,336 42017 [http-nio-auto-1-exec-8] INFO  UserController -> login -> headers -> Header 'connection' = [Keep-Alive]
2019-06-14 07:53:34,337 42018 [http-nio-auto-1-exec-8] INFO  UserController -> login -> headers -> Header 'user-agent' = [Apache-HttpClient/4.5.5 (Java/1.8.0_211)]
2019-06-14 07:53:34,337 42018 [http-nio-auto-1-exec-8] INFO  UserController -> login -> headers -> Header 'accept-encoding' = [gzip,deflate]
2019-06-14 07:53:34,452 42133 [http-nio-auto-1-exec-7] INFO  UserController -> get{286} -> headers -> Header 'accept' = [application/xml, text/xml, application/json, application/*+xml, application/*+json]
2019-06-14 07:53:34,452 42133 [http-nio-auto-1-exec-7] INFO  UserController -> get{286} -> headers -> Header 'authorization' = [62596735-1d25-42e4-8e8d-b4aa2bac1dc6]
2019-06-14 07:53:34,452 42133 [http-nio-auto-1-exec-7] INFO  UserController -> get{286} -> headers -> Header 'content-type' = [application/json]
2019-06-14 07:53:34,452 42133 [http-nio-auto-1-exec-7] INFO  UserController -> get{286} -> headers -> Header 'host' = [localhost:64086]
2019-06-14 07:53:34,452 42133 [http-nio-auto-1-exec-7] INFO  UserController -> get{286} -> headers -> Header 'connection' = [Keep-Alive]
2019-06-14 07:53:34,452 42133 [http-nio-auto-1-exec-7] INFO  UserController -> get{286} -> headers -> Header 'user-agent' = [Apache-HttpClient/4.5.5 (Java/1.8.0_211)]
2019-06-14 07:53:34,453 42134 [http-nio-auto-1-exec-7] INFO  UserController -> get{286} -> headers -> Header 'accept-encoding' = [gzip,deflate]
2019-06-14 07:53:34,497 42178 [http-nio-auto-1-exec-6] INFO  UserController -> login -> headers -> Header 'accept' = [application/xml, text/xml, application/json, application/*+xml, application/*+json]
2019-06-14 07:53:34,497 42178 [http-nio-auto-1-exec-6] INFO  UserController -> login -> headers -> Header 'content-type' = [application/xml;charset=UTF-8]
2019-06-14 07:53:34,497 42178 [http-nio-auto-1-exec-6] INFO  UserController -> login -> headers -> Header 'content-length' = [75]
2019-06-14 07:53:34,497 42178 [http-nio-auto-1-exec-6] INFO  UserController -> login -> headers -> Header 'host' = [localhost:64086]
2019-06-14 07:53:34,498 42179 [http-nio-auto-1-exec-6] INFO  UserController -> login -> headers -> Header 'connection' = [Keep-Alive]
2019-06-14 07:53:34,498 42179 [http-nio-auto-1-exec-6] INFO  UserController -> login -> headers -> Header 'user-agent' = [Apache-HttpClient/4.5.5 (Java/1.8.0_211)]
2019-06-14 07:53:34,498 42179 [http-nio-auto-1-exec-6] INFO  UserController -> login -> headers -> Header 'accept-encoding' = [gzip,deflate]
2019-06-14 07:53:34,540 42221 [http-nio-auto-1-exec-5] INFO  UserController -> findAllByWebQuerydsl -> headers -> Header 'accept' = [application/xml, text/xml, application/json, application/*+xml, application/*+json]
2019-06-14 07:53:34,540 42221 [http-nio-auto-1-exec-5] INFO  UserController -> findAllByWebQuerydsl -> headers -> Header 'authorization' = [501198b0-0cc5-4367-9176-2ceb708db775]
2019-06-14 07:53:34,541 42222 [http-nio-auto-1-exec-5] INFO  UserController -> findAllByWebQuerydsl -> headers -> Header 'content-type' = [application/json]
2019-06-14 07:53:34,541 42222 [http-nio-auto-1-exec-5] INFO  UserController -> findAllByWebQuerydsl -> headers -> Header 'host' = [localhost:64086]
2019-06-14 07:53:34,541 42222 [http-nio-auto-1-exec-5] INFO  UserController -> findAllByWebQuerydsl -> headers -> Header 'connection' = [Keep-Alive]
2019-06-14 07:53:34,541 42222 [http-nio-auto-1-exec-5] INFO  UserController -> findAllByWebQuerydsl -> headers -> Header 'user-agent' = [Apache-HttpClient/4.5.5 (Java/1.8.0_211)]
2019-06-14 07:53:34,541 42222 [http-nio-auto-1-exec-5] INFO  UserController -> findAllByWebQuerydsl -> headers -> Header 'accept-encoding' = [gzip,deflate]
2019-06-14 07:53:34,911 42592 [http-nio-auto-1-exec-8] INFO  UserController -> login -> headers -> Header 'accept' = [application/xml, text/xml, application/json, application/*+xml, application/*+json]
2019-06-14 07:53:34,913 42594 [http-nio-auto-1-exec-8] INFO  UserController -> login -> headers -> Header 'content-type' = [application/xml;charset=UTF-8]
2019-06-14 07:53:34,913 42594 [http-nio-auto-1-exec-8] INFO  UserController -> login -> headers -> Header 'content-length' = [75]
2019-06-14 07:53:34,913 42594 [http-nio-auto-1-exec-8] INFO  UserController -> login -> headers -> Header 'host' = [localhost:64086]
2019-06-14 07:53:34,914 42595 [http-nio-auto-1-exec-8] INFO  UserController -> login -> headers -> Header 'connection' = [Keep-Alive]
2019-06-14 07:53:34,914 42595 [http-nio-auto-1-exec-8] INFO  UserController -> login -> headers -> Header 'user-agent' = [Apache-HttpClient/4.5.5 (Java/1.8.0_211)]
2019-06-14 07:53:34,914 42595 [http-nio-auto-1-exec-8] INFO  UserController -> login -> headers -> Header 'accept-encoding' = [gzip,deflate]
2019-06-14 07:53:34,942 42623 [http-nio-auto-1-exec-7] INFO  UserController -> findAllByWebQuerydsl -> headers -> Header 'accept' = [application/xml, text/xml, application/json, application/*+xml, application/*+json]
2019-06-14 07:53:34,942 42623 [http-nio-auto-1-exec-7] INFO  UserController -> findAllByWebQuerydsl -> headers -> Header 'host' = [localhost:64086]
2019-06-14 07:53:34,942 42623 [http-nio-auto-1-exec-7] INFO  UserController -> findAllByWebQuerydsl -> headers -> Header 'connection' = [Keep-Alive]
2019-06-14 07:53:34,942 42623 [http-nio-auto-1-exec-7] INFO  UserController -> findAllByWebQuerydsl -> headers -> Header 'user-agent' = [Apache-HttpClient/4.5.5 (Java/1.8.0_211)]
2019-06-14 07:53:34,942 42623 [http-nio-auto-1-exec-7] INFO  UserController -> findAllByWebQuerydsl -> headers -> Header 'accept-encoding' = [gzip,deflate]
2019-06-14 07:53:35,057 42738 [http-nio-auto-1-exec-6] INFO  UserController -> findAllByWebQuerydsl -> headers -> Header 'accept' = [application/xml, text/xml, application/json, application/*+xml, application/*+json]
2019-06-14 07:53:35,057 42738 [http-nio-auto-1-exec-6] INFO  UserController -> findAllByWebQuerydsl -> headers -> Header 'host' = [localhost:64086]
2019-06-14 07:53:35,057 42738 [http-nio-auto-1-exec-6] INFO  UserController -> findAllByWebQuerydsl -> headers -> Header 'connection' = [Keep-Alive]
2019-06-14 07:53:35,057 42738 [http-nio-auto-1-exec-6] INFO  UserController -> findAllByWebQuerydsl -> headers -> Header 'user-agent' = [Apache-HttpClient/4.5.5 (Java/1.8.0_211)]
2019-06-14 07:53:35,057 42738 [http-nio-auto-1-exec-6] INFO  UserController -> findAllByWebQuerydsl -> headers -> Header 'accept-encoding' = [gzip,deflate]
2019-06-14 07:53:35,125 42806 [http-nio-auto-1-exec-6] INFO  UserController -> findAllByWebQuerydsl -> headers -> Header 'accept' = [application/xml, text/xml, application/json, application/*+xml, application/*+json]
2019-06-14 07:53:35,126 42807 [http-nio-auto-1-exec-6] INFO  UserController -> findAllByWebQuerydsl -> headers -> Header 'host' = [localhost:64086]
2019-06-14 07:53:35,126 42807 [http-nio-auto-1-exec-6] INFO  UserController -> findAllByWebQuerydsl -> headers -> Header 'connection' = [Keep-Alive]
2019-06-14 07:53:35,127 42808 [http-nio-auto-1-exec-6] INFO  UserController -> findAllByWebQuerydsl -> headers -> Header 'user-agent' = [Apache-HttpClient/4.5.5 (Java/1.8.0_211)]
2019-06-14 07:53:35,127 42808 [http-nio-auto-1-exec-6] INFO  UserController -> findAllByWebQuerydsl -> headers -> Header 'accept-encoding' = [gzip,deflate]
2019-06-14 07:53:35,179 42860 [http-nio-auto-1-exec-5] INFO  UserController -> findAllByWebQuerydsl -> headers -> Header 'accept' = [application/xml, text/xml, application/json, application/*+xml, application/*+json]
2019-06-14 07:53:35,179 42860 [http-nio-auto-1-exec-5] INFO  UserController -> findAllByWebQuerydsl -> headers -> Header 'host' = [localhost:64086]
2019-06-14 07:53:35,179 42860 [http-nio-auto-1-exec-5] INFO  UserController -> findAllByWebQuerydsl -> headers -> Header 'connection' = [Keep-Alive]
2019-06-14 07:53:35,179 42860 [http-nio-auto-1-exec-5] INFO  UserController -> findAllByWebQuerydsl -> headers -> Header 'user-agent' = [Apache-HttpClient/4.5.5 (Java/1.8.0_211)]
2019-06-14 07:53:35,179 42860 [http-nio-auto-1-exec-5] INFO  UserController -> findAllByWebQuerydsl -> headers -> Header 'accept-encoding' = [gzip,deflate]
[INFO] Tests run: 6, Failures: 0, Errors: 0, Skipped: 0, Time elapsed: 1.247 s - in application.integration.controllers.UserWebRequestTest
[INFO] Running application.integration.ConverterTest
[INFO] Tests run: 1, Failures: 0, Errors: 0, Skipped: 0, Time elapsed: 0 s - in application.integration.ConverterTest
[INFO] Running application.models.EventModelTest
[INFO] Tests run: 4, Failures: 0, Errors: 0, Skipped: 0, Time elapsed: 2.05 s - in application.models.EventModelTest
[INFO] Running application.models.UserModelTest
[INFO] Tests run: 1, Failures: 0, Errors: 0, Skipped: 0, Time elapsed: 0.337 s - in application.models.UserModelTest
[INFO] Running application.relations.logs_user.LogsUserTest
[INFO] Tests run: 1, Failures: 0, Errors: 0, Skipped: 0, Time elapsed: 0.075 s - in application.relations.logs_user.LogsUserTest
[INFO] Running application.relations.user_event.UserEventGuestFeedbackTest
[INFO] Tests run: 1, Failures: 0, Errors: 0, Skipped: 0, Time elapsed: 0.071 s - in application.relations.user_event.UserEventGuestFeedbackTest
[INFO] Running application.relations.user_event.UserEventGuestTest
[INFO] Tests run: 6, Failures: 0, Errors: 0, Skipped: 0, Time elapsed: 0.144 s - in application.relations.user_event.UserEventGuestTest
[INFO] Running application.relations.user_event.UserEventOwnerTest
UserEntity(id=40, firstName=null, lastName=null, phoneNumber=null, eMail=p_hacker@sicp.edu, userName=Alyssa, encrytedPassword=null, dateOfBirth=null, status=ACTIVE, maritalStatus=null, gender=null, kitchenType=null, religion=null, addressEntity=null)
EventEntity(id=22, date=2190-01-01, time=23:59, nameOfEvent=null, kitchenType=null, holiDay=null, status=ACTIVE)
[INFO] Tests run: 3, Failures: 0, Errors: 0, Skipped: 0, Time elapsed: 0.08 s - in application.relations.user_event.UserEventOwnerTest
2019-06-14 07:53:38,241 45922 [Thread-5] INFO  o.h.t.s.i.SchemaDropperImpl$DelayedDropActionImpl - HHH000477: Starting delayed drop of schema as part of SessionFactory shut-down'
2019-06-14 07:53:38,230 45911 [Thread-2] INFO  o.h.t.s.i.SchemaDropperImpl$DelayedDropActionImpl - HHH000477: Starting delayed drop of schema as part of SessionFactory shut-down'
2019-06-14 07:53:38,363 46044 [Thread-5] INFO  com.zaxxer.hikari.HikariDataSource - HikariPool-1 - Shutdown initiated...
2019-06-14 07:53:38,388 46069 [Thread-5] INFO  com.zaxxer.hikari.HikariDataSource - HikariPool-1 - Shutdown completed.
[INFO] 
[INFO] Results:
[INFO] 
[INFO] Tests run: 58, Failures: 0, Errors: 0, Skipped: 0
[INFO] 
[INFO] ------------------------------------------------------------------------
[INFO] BUILD SUCCESS
[INFO] ------------------------------------------------------------------------
[INFO] Total time:  01:18 min
[INFO] Finished at: 2019-06-14T07:53:39+03:00
[INFO] ------------------------------------------------------------------------
